read(11, "GET /extreme/opcode/hello.php HT"..., 8000) = 423
stat("/var/www/extreme/opcode/hello.php", {st_mode=S_IFREG|0644, st_size=159, ...}) = 0
setitimer(ITIMER_PROF, {it_interval={0, 0}, it_value={60, 0}}, NULL) = 0
rt_sigaction(SIGPROF, {0x7f54adc559a0, [PROF], SA_RESTORER|SA_RESTART, 0x7f54b0ef6250}, {0x7f54adc559a0, [PROF], SA_RESTORER|SA_RESTART, 0x7f54b0ef6250}, 8) = 0
rt_sigprocmask(SIG_UNBLOCK, [PROF], NULL, 8) = 0
getcwd("/", 4095)           = 2
chdir("/var/www/extreme/opcode") = 0
setitimer(ITIMER_PROF, {it_interval={0, 0}, it_value={30, 0}}, NULL) = 0
lstat("/var/www/extreme/opcode/hello.php", {st_mode=S_IFREG|0644, st_size=159, ...}) = 0
lstat("/var/www/extreme/opcode", {st_mode=S_IFDIR|0755, st_size=4096, ...}) = 0
lstat("/var/www/extreme", {st_mode=S_IFLNK|0777, st_size=46, ...}) = 0
readlink("/var/www/extreme", "/home/raynor/presentations/extreme_caching/src"..., 4096) = 46
lstat("/home/raynor/presentations/extreme_caching/src", {st_mode=S_IFDIR|0755, st_size=4096, ...}) = 0
lstat("/home/raynor/presentations/extreme_caching", {st_mode=S_IFDIR|0755, st_size=4096, ...}) = 0
lstat("/home/raynor/presentations", {st_mode=S_IFDIR|0755, st_size=4096, ...}) = 0
lstat("/home/raynor", {st_mode=S_IFDIR|0755, st_size=4096, ...}) = 0
lstat("/home", {st_mode=S_IFDIR|0755, st_size=4096, ...}) = 0
open("/home/raynor/presentations/extreme_caching/src/opcode/hello.php", O_RDONLY) = 12
fstat(12, {st_mode=S_IFREG|0644, st_size=159, ...}) = 0
fstat(12, {st_mode=S_IFREG|0644, st_size=159, ...}) = 0
fstat(12, {st_mode=S_IFREG|0644, st_size=159, ...}) = 0
fstat(12, {st_mode=S_IFREG|0644, st_size=159, ...}) = 0
mmap(NULL, 159, PROT_READ, MAP_SHARED, 12, 0) = 0x7f54b1bbf000
munmap(0x7f54b1bbf000, 159) = 0
close(12)                   = 0
lstat("/home/raynor/presentations/extreme_caching/src/opcode/util.php", 0x7fff0d608280) = -1 ENOENT (No such file or directory)
lstat("/home/raynor/presentations/extreme_caching/src/opcode/lib/util.php", {st_mode=S_IFREG|0644, st_size=76, ...}) = 0
lstat("/home/raynor/presentations/extreme_caching/src/opcode/lib", {st_mode=S_IFDIR|0755, st_size=4096, ...}) = 0
lstat("/home/raynor/presentations/extreme_caching/src/opcode", {st_mode=S_IFDIR|0755, st_size=4096, ...}) = 0
open("/home/raynor/presentations/extreme_caching/src/opcode/lib/util.php", O_RDONLY) = 12
fstat(12, {st_mode=S_IFREG|0644, st_size=76, ...}) = 0
fstat(12, {st_mode=S_IFREG|0644, st_size=76, ...}) = 0
fstat(12, {st_mode=S_IFREG|0644, st_size=76, ...}) = 0
fstat(12, {st_mode=S_IFREG|0644, st_size=76, ...}) = 0
mmap(NULL, 76, PROT_READ, MAP_SHARED, 12, 0) = 0x7f54b1bbf000
munmap(0x7f54b1bbf000, 76)  = 0
close(12)                   = 0
chdir("/")                  = 0
setitimer(ITIMER_PROF, {it_interval={0, 0}, it_value={0, 0}}, NULL) = 0
setitimer(ITIMER_PROF, {it_interval={0, 0}, it_value={0, 0}}, NULL) = 0
read(11, 0x7f54b1bc4048, 8000) = -1 EAGAIN (Resource temporarily unavailable)
writev(11, [{"HTTP/1.1 200 OK\r\nDate: Thu, 02 J"..., 215}, {"Hello world\n", 12}], 2) = 227
write(8, "::1 - - [01/Jan/2014:22:33:30 -0"..., 228) = 228
